{
  "RSpec": {
    "coverage": {
      "C:/Users/Neeraj Singh/Desktop/tour/tour_react/tour_sep/tour_mvc_wind-main/app/controllers/registrations_controller.rb": {
        "lines": [
          1,
          1,
          2,
          2,
          1,
          1,
          1,
          null,
          null,
          null,
          null,
          1,
          null,
          null,
          null,
          1,
          1,
          2,
          null,
          null
        ]
      },
      "C:/Users/Neeraj Singh/Desktop/tour/tour_react/tour_sep/tour_mvc_wind-main/app/controllers/application_controller.rb": {
        "lines": [
          1,
          1,
          null
        ]
      },
      "C:/Users/Neeraj Singh/Desktop/tour/tour_react/tour_sep/tour_mvc_wind-main/app/models/user.rb": {
        "lines": [
          1,
          1,
          1,
          1,
          1,
          1,
          1,
          null
        ]
      },
      "C:/Users/Neeraj Singh/Desktop/tour/tour_react/tour_sep/tour_mvc_wind-main/app/models/application_record.rb": {
        "lines": [
          1,
          1,
          null
        ]
      }
    },
    "timestamp": 1645168305
  }
}
